info: ::1 - - [21/Jul/2022:01:49:45 +0000] "GET /api/v1/notes/note_id/62d8386ce312b635b84911d2 HTTP/1.1" 404 47 "-" "PostmanRuntime/7.29.2"

info: ::1 - - [21/Jul/2022:02:21:07 +0000] "DELETE /api/v1/notes/delete/62d8386ce312b635b84911d2 HTTP/1.1" 404 47 "-" "PostmanRuntime/7.29.2"

info: ::1 - - [21/Jul/2022:02:21:30 +0000] "DELETE /api/v1/notes/delete/ HTTP/1.1" 500 89 "-" "PostmanRuntime/7.29.2"

info: ::1 - - [21/Jul/2022:02:23:22 +0000] "DELETE /api/v1/notes/delete/62d8108b497d123f58b687c1 HTTP/1.1" 404 47 "-" "PostmanRuntime/7.29.2"

info: ::1 - - [21/Jul/2022:02:23:47 +0000] "GET /api/v1/notes/get HTTP/1.1" 200 418 "-" "PostmanRuntime/7.29.2"

info: ::1 - - [21/Jul/2022:03:11:45 +0000] "GET /api/v1/notes/ HTTP/1.1" 400 56 "-" "PostmanRuntime/7.29.2"

info: ::1 - - [21/Jul/2022:03:14:38 +0000] "POST /api/v1/users/ HTTP/1.1" 201 320 "-" "PostmanRuntime/7.29.2"

info: ::1 - - [21/Jul/2022:03:15:42 +0000] "POST /api/v1/users/ HTTP/1.1" 201 318 "-" "PostmanRuntime/7.29.2"

info: ::1 - - [21/Jul/2022:03:16:13 +0000] "GET /api/v1/users/login HTTP/1.1" 404 47 "-" "PostmanRuntime/7.29.2"

info: ::1 - - [21/Jul/2022:03:16:23 +0000] "POST /api/v1/users/login HTTP/1.1" 200 266 "-" "PostmanRuntime/7.29.2"

info: ::1 - - [21/Jul/2022:03:17:56 +0000] "GET /api/v1/notes/ HTTP/1.1" 200 418 "-" "PostmanRuntime/7.29.2"

info: ::1 - - [21/Jul/2022:03:19:35 +0000] "POST /api/v1/users/login HTTP/1.1" 200 273 "-" "PostmanRuntime/7.29.2"

info: ::1 - - [21/Jul/2022:03:20:07 +0000] "GET /api/v1/notes/ HTTP/1.1" 200 418 "-" "PostmanRuntime/7.29.2"

info: ::1 - - [21/Jul/2022:03:22:21 +0000] "GET /api/v1/notes/ HTTP/1.1" 200 418 "-" "PostmanRuntime/7.29.2"

info: ::1 - - [21/Jul/2022:03:23:10 +0000] "GET /api/v1/notes/ HTTP/1.1" 200 418 "-" "PostmanRuntime/7.29.2"

info: ::1 - - [21/Jul/2022:03:29:18 +0000] "POST /api/v1/notes/ HTTP/1.1" 201 255 "-" "PostmanRuntime/7.29.2"

info: ::1 - - [21/Jul/2022:03:36:38 +0000] "GET /api/v1/notes/ HTTP/1.1" 200 262 "-" "PostmanRuntime/7.29.2"

info: ::1 - - [21/Jul/2022:03:37:43 +0000] "GET /api/v1/users/ HTTP/1.1" 404 47 "-" "PostmanRuntime/7.29.2"

info: ::1 - - [21/Jul/2022:03:37:48 +0000] "GET /api/v1/users/login HTTP/1.1" 404 47 "-" "PostmanRuntime/7.29.2"

info: ::1 - - [21/Jul/2022:03:38:00 +0000] "POST /api/v1/users/login HTTP/1.1" 200 266 "-" "PostmanRuntime/7.29.2"

info: ::1 - - [21/Jul/2022:03:38:27 +0000] "GET /api/v1/notes/ HTTP/1.1" 200 65 "-" "PostmanRuntime/7.29.2"

info: ::1 - - [21/Jul/2022:07:11:22 +0000] "PUT /api/v1/notes/_id/62d8108b497d123f58b687c1 HTTP/1.1" 404 47 "-" "PostmanRuntime/7.29.2"

info: ::1 - - [21/Jul/2022:07:13:10 +0000] "PUT /api/v1/notes/_id/62d8108b497d123f58b687c1 HTTP/1.1" 404 47 "-" "PostmanRuntime/7.29.2"

info: ::1 - - [21/Jul/2022:07:14:04 +0000] "DELETE /api/v1/notes/_id/62d8108b497d123f58b687c1 HTTP/1.1" 404 47 "-" "PostmanRuntime/7.29.2"

info: ::1 - - [21/Jul/2022:07:15:49 +0000] "DELETE /api/v1/notes/_id/62d8c80e1306f13f149e2b21 HTTP/1.1" 404 47 "-" "PostmanRuntime/7.29.2"

info: ::1 - - [21/Jul/2022:07:35:46 +0000] "DELETE /api/v1/notes/id/62d8c80e1306f13f149e2b21 HTTP/1.1" 404 47 "-" "PostmanRuntime/7.29.2"

info: ::1 - - [21/Jul/2022:07:37:12 +0000] "DELETE /api/v1/notes/id/62d8c80e1306f13f149e2b21 HTTP/1.1" 404 47 "-" "PostmanRuntime/7.29.2"

info: ::1 - - [21/Jul/2022:07:39:51 +0000] "DELETE /api/v1/notes/id/62d8c80e1306f13f149e2b21 HTTP/1.1" 404 47 "-" "PostmanRuntime/7.29.2"

info: ::1 - - [21/Jul/2022:07:40:05 +0000] "DELETE /api/v1/notes/id/62d8c80e1306f13f149e2b21 HTTP/1.1" 404 47 "-" "PostmanRuntime/7.29.2"

info: ::1 - - [21/Jul/2022:07:42:17 +0000] "DELETE /api/v1/notes/id/62d8c80e1306f13f149e2b21 HTTP/1.1" 404 47 "-" "PostmanRuntime/7.29.2"

info: ::1 - - [21/Jul/2022:08:29:15 +0000] "DELETE /api/v1/notes/id/62d8c80e1306f13f149e2b21 HTTP/1.1" 404 47 "-" "PostmanRuntime/7.29.2"

info: ::1 - - [21/Jul/2022:09:21:15 +0000] "DELETE /api/v1/notes/id/62d8c80e1306f13f149e2b21 HTTP/1.1" 404 47 "-" "PostmanRuntime/7.29.2"

info: ::1 - - [21/Jul/2022:09:21:21 +0000] "DELETE /api/v1/notes/_id/62d8c80e1306f13f149e2b21 HTTP/1.1" 404 47 "-" "PostmanRuntime/7.29.2"

info: ::1 - - [21/Jul/2022:09:31:34 +0000] "DELETE /api/v1/notes/62d8c80e1306f13f149e2b21 HTTP/1.1" 400 56 "-" "PostmanRuntime/7.29.2"

info: ::1 - - [21/Jul/2022:09:32:51 +0000] "DELETE /api/v1/notes/62d8108b497d123f58b687c1 HTTP/1.1" 400 56 "-" "PostmanRuntime/7.29.2"

info: ::1 - - [21/Jul/2022:09:34:28 +0000] "POST /api/v1/users HTTP/1.1" 400 96 "-" "PostmanRuntime/7.29.2"

info: ::1 - - [21/Jul/2022:09:34:53 +0000] "POST /api/v1/users HTTP/1.1" 201 314 "-" "PostmanRuntime/7.29.2"

info: ::1 - - [21/Jul/2022:09:35:16 +0000] "POST /api/v1/users/login HTTP/1.1" 200 265 "-" "PostmanRuntime/7.29.2"

info: ::1 - - [21/Jul/2022:09:36:41 +0000] "POST /api/v1/notes HTTP/1.1" 400 126 "-" "PostmanRuntime/7.29.2"

info: ::1 - - [21/Jul/2022:09:37:53 +0000] "POST /api/v1/notes HTTP/1.1" 400 126 "-" "PostmanRuntime/7.29.2"

info: ::1 - - [21/Jul/2022:09:40:22 +0000] "POST /api/v1/notes HTTP/1.1" 400 126 "-" "PostmanRuntime/7.29.2"

info: ::1 - - [21/Jul/2022:09:41:22 +0000] "POST /api/v1/notes HTTP/1.1" 201 249 "-" "PostmanRuntime/7.29.2"

info: ::1 - - [21/Jul/2022:09:41:55 +0000] "DELETE /api/v1/notes/62d91f42d36b13256ce88999 HTTP/1.1" 200 60 "-" "PostmanRuntime/7.29.2"

info: ::1 - - [21/Jul/2022:09:47:46 +0000] "GET /api/v1/notes/62d8c80e1306f13f149e2b21 HTTP/1.1" 404 47 "-" "PostmanRuntime/7.29.2"

info: ::1 - - [21/Jul/2022:09:49:27 +0000] "GET /api/v1/notes/62d8c80e1306f13f149e2b21 HTTP/1.1" 200 255 "-" "PostmanRuntime/7.29.2"

info: ::1 - - [21/Jul/2022:09:50:30 +0000] "PUT /api/v1/notes/62d8c80e1306f13f149e2b21 HTTP/1.1" 404 47 "-" "PostmanRuntime/7.29.2"

info: ::1 - - [21/Jul/2022:09:51:02 +0000] "PUT /api/v1/notes/62d8c80e1306f13f149e2b21 HTTP/1.1" 202 249 "-" "PostmanRuntime/7.29.2"

info: ::1 - - [21/Jul/2022:09:56:56 +0000] "PUT /api/v1/notes/62d8c80e1306f13f149e2b21/isArchive HTTP/1.1" 500 77 "-" "PostmanRuntime/7.29.2"

info: ::1 - - [21/Jul/2022:09:59:06 +0000] "PUT /api/v1/notes/62d8c80e1306f13f149e2b21/isarchive HTTP/1.1" 500 77 "-" "PostmanRuntime/7.29.2"

info: ::1 - - [21/Jul/2022:09:59:44 +0000] "PUT /api/v1/notes/62d8c80e1306f13f149e2b21/isarchive HTTP/1.1" 500 77 "-" "PostmanRuntime/7.29.2"

info: ::1 - - [21/Jul/2022:10:02:22 +0000] "PUT /api/v1/notes/62d8c80e1306f13f149e2b21/isarchive HTTP/1.1" 500 53 "-" "PostmanRuntime/7.29.2"

info: ::1 - - [21/Jul/2022:10:03:16 +0000] "PUT /api/v1/notes/62d8c80e1306f13f149e2b21/isarchive HTTP/1.1" 500 54 "-" "PostmanRuntime/7.29.2"

info: ::1 - - [21/Jul/2022:10:04:03 +0000] "PUT /api/v1/notes/62d8c80e1306f13f149e2b21/isarchive HTTP/1.1" 202 267 "-" "PostmanRuntime/7.29.2"

info: ::1 - - [21/Jul/2022:10:09:23 +0000] "PUT /api/v1/notes/62d8c80e1306f13f149e2b21/isarchive HTTP/1.1" 202 267 "-" "PostmanRuntime/7.29.2"

info: ::1 - - [21/Jul/2022:10:22:14 +0000] "PUT /api/v1/notes/62d8c80e1306f13f149e2b21/isTrash HTTP/1.1" 202 284 "-" "PostmanRuntime/7.29.2"

info: ::1 - - [21/Jul/2022:10:47:58 +0000] "PUT /api/v1/notes/62d8c80e1306f13f149e2b21/isTrash HTTP/1.1" 202 284 "-" "PostmanRuntime/7.29.2"

info: ::1 - - [21/Jul/2022:10:48:53 +0000] "PUT /api/v1/notes/62d8c80e1306f13f149e2b21/isTrash HTTP/1.1" 202 284 "-" "PostmanRuntime/7.29.2"

info: ::1 - - [21/Jul/2022:10:49:52 +0000] "PUT /api/v1/notes/62d8c80e1306f13f149e2b21/isTrash HTTP/1.1" 202 284 "-" "PostmanRuntime/7.29.2"

info: ::1 - - [21/Jul/2022:12:20:56 +0000] "PUT /api/v1/notes/62d8c80e1306f13f149e2b21/isTrash HTTP/1.1" 202 284 "-" "PostmanRuntime/7.29.2"

info: ::1 - - [21/Jul/2022:12:21:09 +0000] "PUT /api/v1/notes/62d8c80e1306f13f149e2b21/isarchive HTTP/1.1" 202 285 "-" "PostmanRuntime/7.29.2"

info: ::1 - - [21/Jul/2022:16:58:22 +0000] "PUT /api/v1/notes/62d8c80e1306f13f149e2b21/isarchive HTTP/1.1" 202 285 "-" "PostmanRuntime/7.29.2"

info: ::1 - - [21/Jul/2022:17:02:09 +0000] "PUT /api/v1/notes/62d8c80e1306f13f149e2b21/isarchive HTTP/1.1" 404 47 "-" "PostmanRuntime/7.29.2"

info: ::1 - - [21/Jul/2022:17:02:46 +0000] "PUT /api/v1/notes/62d8c80e1306f13f149e2b21/isarchive HTTP/1.1" 202 285 "-" "PostmanRuntime/7.29.2"

info: ::1 - - [21/Jul/2022:17:43:07 +0000] "POST /api/v1/users HTTP/1.1" 201 322 "-" "PostmanRuntime/7.29.2"

info: ::1 - - [21/Jul/2022:17:43:29 +0000] "GET /api/v1/users/login HTTP/1.1" 404 47 "-" "PostmanRuntime/7.29.2"

info: ::1 - - [21/Jul/2022:17:43:37 +0000] "POST /api/v1/users/login HTTP/1.1" 200 274 "-" "PostmanRuntime/7.29.2"

info: ::1 - - [21/Jul/2022:17:47:10 +0000] "POST /api/v1/notes HTTP/1.1" 201 297 "-" "PostmanRuntime/7.29.2"

info: ::1 - - [21/Jul/2022:17:47:50 +0000] "GET /api/v1/notes/62d9911eee6fa254e0309d7c HTTP/1.1" 200 297 "-" "PostmanRuntime/7.29.2"

info: ::1 - - [21/Jul/2022:17:47:55 +0000] "GET /api/v1/notes/ HTTP/1.1" 200 304 "-" "PostmanRuntime/7.29.2"

info: ::1 - - [21/Jul/2022:17:48:25 +0000] "GET /api/v1/notes HTTP/1.1" 200 304 "-" "PostmanRuntime/7.29.2"

info: ::1 - - [21/Jul/2022:17:48:31 +0000] "GET /api/v1/notes/ HTTP/1.1" 200 304 "-" "PostmanRuntime/7.29.2"

info: ::1 - - [21/Jul/2022:17:49:14 +0000] "GET /api/v1/notes/ HTTP/1.1" 200 304 "-" "PostmanRuntime/7.29.2"

info: ::1 - - [21/Jul/2022:17:49:42 +0000] "GET /api/v1/notes/ HTTP/1.1" 200 304 "-" "PostmanRuntime/7.29.2"

info: ::1 - - [21/Jul/2022:17:49:57 +0000] "GET /api/v1/notes/ HTTP/1.1" 400 56 "-" "PostmanRuntime/7.29.2"

info: ::1 - - [21/Jul/2022:17:50:54 +0000] "GET /api/v1/notes/62d9911eee6fa254e0309d7c HTTP/1.1" 200 297 "-" "PostmanRuntime/7.29.2"

