info: ::1 - - [22/Aug/2022:11:55:33 +0000] "PUT /api/v1/users/login HTTP/1.1" 404 47 "-" "PostmanRuntime/7.29.2"

info: ::1 - - [22/Aug/2022:11:56:54 +0000] "POST /api/v1/users/login HTTP/1.1" 400 48 "-" "PostmanRuntime/7.29.2"

info: ::1 - - [22/Aug/2022:11:57:15 +0000] "POST /api/v1/users/login HTTP/1.1" 200 270 "-" "PostmanRuntime/7.29.2"

info: ::1 - - [22/Aug/2022:11:58:10 +0000] "POST /api/v1/labels HTTP/1.1" 201 192 "-" "PostmanRuntime/7.29.2"

info: ::1 - - [22/Aug/2022:14:52:35 +0000] "POST /api/v1/labels HTTP/1.1" 201 220 "-" "PostmanRuntime/7.29.2"

info: ::1 - - [22/Aug/2022:15:32:50 +0000] "PUT /api/v1/labels/6303983234e14e0730e27e31 HTTP/1.1" 202 220 "-" "PostmanRuntime/7.29.2"

info: ::1 - - [22/Aug/2022:15:34:28 +0000] "PUT /api/v1/labels/6303983234e14e0730e27e31 HTTP/1.1" 202 220 "-" "PostmanRuntime/7.29.2"

info: ::1 - - [22/Aug/2022:15:36:10 +0000] "DELETE /api/v1/labels/6303983234e14e0730e27e31 HTTP/1.1" 202 51 "-" "PostmanRuntime/7.29.2"

info: ::1 - - [22/Aug/2022:15:36:28 +0000] "DELETE /api/v1/labels HTTP/1.1" 404 47 "-" "PostmanRuntime/7.29.2"

info: ::1 - - [22/Aug/2022:15:36:33 +0000] "POST /api/v1/labels HTTP/1.1" 201 223 "-" "PostmanRuntime/7.29.2"

info: ::1 - - [22/Aug/2022:15:36:57 +0000] "PUT /api/v1/labels/6303a28196d9990dd4639229 HTTP/1.1" 202 223 "-" "PostmanRuntime/7.29.2"

info: ::1 - - [22/Aug/2022:15:49:43 +0000] "PUT /api/v1/labels/6303a28196d9990dd4639229 HTTP/1.1" 202 223 "-" "PostmanRuntime/7.29.2"

info: ::1 - - [22/Aug/2022:15:51:52 +0000] "PUT /api/v1/labels/6303a28196d9990dd4639229 HTTP/1.1" 202 220 "-" "PostmanRuntime/7.29.2"

info: ::1 - - [22/Aug/2022:15:52:02 +0000] "PUT /api/v1/labels/6303a28196d9990dd4639229 HTTP/1.1" 202 223 "-" "PostmanRuntime/7.29.2"

info: ::1 - - [22/Aug/2022:15:53:39 +0000] "PUT /api/v1/labels/6303a28196d9990dd4639229 HTTP/1.1" 202 223 "-" "PostmanRuntime/7.29.2"

info: ::1 - - [22/Aug/2022:15:54:04 +0000] "PUT /api/v1/labels/6303a28196d9990dd4639229 HTTP/1.1" 202 220 "-" "PostmanRuntime/7.29.2"

info: ::1 - - [22/Aug/2022:15:54:39 +0000] "DELETE /api/v1/labels/6303a28196d9990dd4639229 HTTP/1.1" 202 51 "-" "PostmanRuntime/7.29.2"

info: ::1 - - [22/Aug/2022:15:54:52 +0000] "POST /api/v1/labels/6303a28196d9990dd4639229 HTTP/1.1" 404 47 "-" "PostmanRuntime/7.29.2"

info: ::1 - - [22/Aug/2022:15:54:58 +0000] "POST /api/v1/labels HTTP/1.1" 201 220 "-" "PostmanRuntime/7.29.2"

info: ::1 - - [22/Aug/2022:15:55:08 +0000] "PUT /api/v1/labels/6303a28196d9990dd4639229 HTTP/1.1" 202 63 "-" "PostmanRuntime/7.29.2"

info: ::1 - - [22/Aug/2022:15:55:21 +0000] "PUT /api/v1/labels/6303a28196d9990dd4639229 HTTP/1.1" 202 63 "-" "PostmanRuntime/7.29.2"

info: ::1 - - [22/Aug/2022:15:55:37 +0000] "PUT /api/v1/labels/6303a6d2291e442808093e54 HTTP/1.1" 202 223 "-" "PostmanRuntime/7.29.2"

info: ::1 - - [22/Aug/2022:15:55:44 +0000] "PUT /api/v1/labels/6303a6d2291e442808093e54 HTTP/1.1" 202 220 "-" "PostmanRuntime/7.29.2"

info: ::1 - - [22/Aug/2022:15:55:54 +0000] "PUT /api/v1/labels/6303a6d2291e442808093e54 HTTP/1.1" 202 223 "-" "PostmanRuntime/7.29.2"

