info: ::1 - - [18/Jul/2022:10:54:46 +0000] "GET /api/v1/ HTTP/1.1" 200 9 "-" "PostmanRuntime/7.29.0"

info: ::1 - - [18/Jul/2022:10:55:03 +0000] "GET /api/v1/users HTTP/1.1" 200 65 "-" "PostmanRuntime/7.29.0"

info: ::1 - - [18/Jul/2022:10:57:25 +0000] "POST /api/v1/users HTTP/1.1" 500 89 "-" "PostmanRuntime/7.29.0"

info: ::1 - - [18/Jul/2022:10:57:41 +0000] "POST /api/v1/users HTTP/1.1" 500 59 "-" "PostmanRuntime/7.29.0"

info: ::1 - - [18/Jul/2022:11:01:03 +0000] "POST /api/v1/users HTTP/1.1" 201 262 "-" "PostmanRuntime/7.29.0"

info: ::1 - - [18/Jul/2022:11:16:00 +0000] "GET /api/v1/users HTTP/1.1" 200 269 "-" "PostmanRuntime/7.29.0"

info: ::1 - - [18/Jul/2022:11:22:49 +0000] "GET /api/v1/users/62d53d6f5cd160275055626a HTTP/1.1" 400 56 "-" "PostmanRuntime/7.29.0"

info: ::1 - - [18/Jul/2022:11:23:11 +0000] "GET /api/v1/users HTTP/1.1" 200 269 "-" "PostmanRuntime/7.29.0"

info: ::1 - - [18/Jul/2022:11:24:31 +0000] "POST /api/v1/users HTTP/1.1" 500 72 "-" "PostmanRuntime/7.29.0"

info: ::1 - - [18/Jul/2022:11:25:56 +0000] "POST /api/v1/users HTTP/1.1" 201 269 "-" "PostmanRuntime/7.29.0"

info: ::1 - - [18/Jul/2022:11:26:02 +0000] "GET /api/v1/users HTTP/1.1" 200 481 "-" "PostmanRuntime/7.29.0"

info: ::1 - - [18/Jul/2022:11:26:57 +0000] "PUT /api/v1/users/62d54344c5ee404f74f460f1 HTTP/1.1" 202 269 "-" "PostmanRuntime/7.29.0"

info: ::1 - - [18/Jul/2022:11:27:35 +0000] "DELETE /api/v1/users/62d54344c5ee404f74f460f1 HTTP/1.1" 200 60 "-" "PostmanRuntime/7.29.0"

info: ::1 - - [18/Jul/2022:16:38:10 +0000] "GET /api/v1/users/login HTTP/1.1" 200 260 "-" "PostmanRuntime/7.29.0"

info: ::1 - - [18/Jul/2022:16:39:25 +0000] "GET /api/v1/users/login HTTP/1.1" 200 260 "-" "PostmanRuntime/7.29.0"

info: ::1 - - [18/Jul/2022:16:39:57 +0000] "GET /api/v1/users/login HTTP/1.1" 200 60 "-" "PostmanRuntime/7.29.0"

info: ::1 - - [18/Jul/2022:16:41:10 +0000] "GET /api/v1/users/login HTTP/1.1" 200 260 "-" "PostmanRuntime/7.29.0"

info: ::1 - - [18/Jul/2022:16:54:48 +0000] "POST /api/v1/users/login HTTP/1.1" 404 47 "-" "PostmanRuntime/7.29.0"

info: ::1 - - [18/Jul/2022:16:54:58 +0000] "POST /api/v1/users/register HTTP/1.1" 201 268 "-" "PostmanRuntime/7.29.0"

info: ::1 - - [18/Jul/2022:16:55:53 +0000] "POST /api/v1/users/register HTTP/1.1" 201 273 "-" "PostmanRuntime/7.29.0"

