info: Server started at http://localhost:3000/api/v1/ {"timestamp":"2022-07-19T03:09:25.967Z"}
info: Connected to the database. {"timestamp":"2022-07-19T03:09:26.023Z"}
error: 
    status - 500 
    message - TypeError: _joi.default.string(...).email.required is not a function
    at newUserValidator (C:\CFP_170\NodeJs\FundooNotes\src\validators\/user.validator.js:7:31)
    at Layer.handle [as handle_request] (C:\CFP_170\NodeJs\FundooNotes\node_modules\express\lib\router\layer.js:95:5)
    at next (C:\CFP_170\NodeJs\FundooNotes\node_modules\express\lib\router\route.js:144:13)
    at Route.dispatch (C:\CFP_170\NodeJs\FundooNotes\node_modules\express\lib\router\route.js:114:3)
    at Layer.handle [as handle_request] (C:\CFP_170\NodeJs\FundooNotes\node_modules\express\lib\router\layer.js:95:5)
    at C:\CFP_170\NodeJs\FundooNotes\node_modules\express\lib\router\index.js:284:15
    at Function.process_params (C:\CFP_170\NodeJs\FundooNotes\node_modules\express\lib\router\index.js:346:12)
    at next (C:\CFP_170\NodeJs\FundooNotes\node_modules\express\lib\router\index.js:280:10)
    at Function.handle (C:\CFP_170\NodeJs\FundooNotes\node_modules\express\lib\router\index.js:175:3)
    at router (C:\CFP_170\NodeJs\FundooNotes\node_modules\express\lib\router\index.js:47:12)
    at Layer.handle [as handle_request] (C:\CFP_170\NodeJs\FundooNotes\node_modules\express\lib\router\layer.js:95:5)
    at trim_prefix (C:\CFP_170\NodeJs\FundooNotes\node_modules\express\lib\router\index.js:328:13)
    at C:\CFP_170\NodeJs\FundooNotes\node_modules\express\lib\router\index.js:286:9
    at Function.process_params (C:\CFP_170\NodeJs\FundooNotes\node_modules\express\lib\router\index.js:346:12)
    at next (C:\CFP_170\NodeJs\FundooNotes\node_modules\express\lib\router\index.js:280:10)
    at Function.handle (C:\CFP_170\NodeJs\FundooNotes\node_modules\express\lib\router\index.js:175:3) 
    url - /api/v1/users 
    method - POST 
    IP - ::1
   {"timestamp":"2022-07-19T03:11:20.571Z"}
info: Server started at http://localhost:3000/api/v1/ {"timestamp":"2022-07-19T03:12:33.700Z"}
info: Connected to the database. {"timestamp":"2022-07-19T03:12:33.766Z"}
error: 
    status - 500 
    message - ValidationError: "password" length must be at least 8 characters long 
    url - /api/v1/users 
    method - POST 
    IP - ::1
   {"timestamp":"2022-07-19T03:12:42.614Z"}
error: 
    status - 500 
    message - Error: User dosen't exist
    at _callee$ (C:\CFP_170\NodeJs\FundooNotes\src\services\/user.service.js:9:11)
    at tryCatch (C:\CFP_170\NodeJs\FundooNotes\node_modules\@babel\runtime\helpers\regeneratorRuntime.js:86:17)
    at Generator._invoke (C:\CFP_170\NodeJs\FundooNotes\node_modules\@babel\runtime\helpers\regeneratorRuntime.js:66:24)
    at Generator.next (C:\CFP_170\NodeJs\FundooNotes\node_modules\@babel\runtime\helpers\regeneratorRuntime.js:117:21)
    at asyncGeneratorStep (C:\CFP_170\NodeJs\FundooNotes\node_modules\@babel\runtime\helpers\asyncToGenerator.js:3:24)
    at _next (C:\CFP_170\NodeJs\FundooNotes\node_modules\@babel\runtime\helpers\asyncToGenerator.js:25:9)
    at processTicksAndRejections (node:internal/process/task_queues:96:5) 
    url - /api/v1/users/login 
    method - POST 
    IP - ::1
   {"timestamp":"2022-07-19T03:13:43.766Z"}
info: Server started at http://localhost:3000/api/v1/ {"timestamp":"2022-07-19T03:15:55.698Z"}
info: Connected to the database. {"timestamp":"2022-07-19T03:15:55.757Z"}
error: 
    status - 500 
    message - ValidationError: "firstName" must be a string 
    url - /api/v1/users 
    method - POST 
    IP - ::1
   {"timestamp":"2022-07-19T03:17:29.780Z"}
info: Server started at http://localhost:3000/api/v1/ {"timestamp":"2022-07-19T03:18:57.410Z"}
info: Connected to the database. {"timestamp":"2022-07-19T03:18:57.512Z"}
error: 
    status - 500 
    message - ReferenceError: HttpStatus is not defined
    at newUserValidator (C:\CFP_170\NodeJs\FundooNotes\src\validators\/user.validator.js:12:16)
    at Layer.handle [as handle_request] (C:\CFP_170\NodeJs\FundooNotes\node_modules\express\lib\router\layer.js:95:5)
    at next (C:\CFP_170\NodeJs\FundooNotes\node_modules\express\lib\router\route.js:144:13)
    at Route.dispatch (C:\CFP_170\NodeJs\FundooNotes\node_modules\express\lib\router\route.js:114:3)
    at Layer.handle [as handle_request] (C:\CFP_170\NodeJs\FundooNotes\node_modules\express\lib\router\layer.js:95:5)
    at C:\CFP_170\NodeJs\FundooNotes\node_modules\express\lib\router\index.js:284:15
    at Function.process_params (C:\CFP_170\NodeJs\FundooNotes\node_modules\express\lib\router\index.js:346:12)
    at next (C:\CFP_170\NodeJs\FundooNotes\node_modules\express\lib\router\index.js:280:10)
    at Function.handle (C:\CFP_170\NodeJs\FundooNotes\node_modules\express\lib\router\index.js:175:3)
    at router (C:\CFP_170\NodeJs\FundooNotes\node_modules\express\lib\router\index.js:47:12)
    at Layer.handle [as handle_request] (C:\CFP_170\NodeJs\FundooNotes\node_modules\express\lib\router\layer.js:95:5)
    at trim_prefix (C:\CFP_170\NodeJs\FundooNotes\node_modules\express\lib\router\index.js:328:13)
    at C:\CFP_170\NodeJs\FundooNotes\node_modules\express\lib\router\index.js:286:9
    at Function.process_params (C:\CFP_170\NodeJs\FundooNotes\node_modules\express\lib\router\index.js:346:12)
    at next (C:\CFP_170\NodeJs\FundooNotes\node_modules\express\lib\router\index.js:280:10)
    at Function.handle (C:\CFP_170\NodeJs\FundooNotes\node_modules\express\lib\router\index.js:175:3) 
    url - /api/v1/users 
    method - POST 
    IP - ::1
   {"timestamp":"2022-07-19T03:19:02.546Z"}
info: Server started at http://localhost:3000/api/v1/ {"timestamp":"2022-07-19T03:20:10.747Z"}
info: Connected to the database. {"timestamp":"2022-07-19T03:20:10.817Z"}
