info: ::1 - - [18/Jul/2022:10:54:46 +0000] "GET /api/v1/ HTTP/1.1" 200 9 "-" "PostmanRuntime/7.29.0"

info: ::1 - - [18/Jul/2022:10:55:03 +0000] "GET /api/v1/users HTTP/1.1" 200 65 "-" "PostmanRuntime/7.29.0"

info: ::1 - - [18/Jul/2022:10:57:25 +0000] "POST /api/v1/users HTTP/1.1" 500 89 "-" "PostmanRuntime/7.29.0"

info: ::1 - - [18/Jul/2022:10:57:41 +0000] "POST /api/v1/users HTTP/1.1" 500 59 "-" "PostmanRuntime/7.29.0"

info: ::1 - - [18/Jul/2022:11:01:03 +0000] "POST /api/v1/users HTTP/1.1" 201 262 "-" "PostmanRuntime/7.29.0"

info: ::1 - - [18/Jul/2022:11:16:00 +0000] "GET /api/v1/users HTTP/1.1" 200 269 "-" "PostmanRuntime/7.29.0"

info: ::1 - - [18/Jul/2022:11:22:49 +0000] "GET /api/v1/users/62d53d6f5cd160275055626a HTTP/1.1" 400 56 "-" "PostmanRuntime/7.29.0"

info: ::1 - - [18/Jul/2022:11:23:11 +0000] "GET /api/v1/users HTTP/1.1" 200 269 "-" "PostmanRuntime/7.29.0"

info: ::1 - - [18/Jul/2022:11:24:31 +0000] "POST /api/v1/users HTTP/1.1" 500 72 "-" "PostmanRuntime/7.29.0"

info: ::1 - - [18/Jul/2022:11:25:56 +0000] "POST /api/v1/users HTTP/1.1" 201 269 "-" "PostmanRuntime/7.29.0"

info: ::1 - - [18/Jul/2022:11:26:02 +0000] "GET /api/v1/users HTTP/1.1" 200 481 "-" "PostmanRuntime/7.29.0"

info: ::1 - - [18/Jul/2022:11:26:57 +0000] "PUT /api/v1/users/62d54344c5ee404f74f460f1 HTTP/1.1" 202 269 "-" "PostmanRuntime/7.29.0"

info: ::1 - - [18/Jul/2022:11:27:35 +0000] "DELETE /api/v1/users/62d54344c5ee404f74f460f1 HTTP/1.1" 200 60 "-" "PostmanRuntime/7.29.0"

info: ::1 - - [18/Jul/2022:16:38:10 +0000] "GET /api/v1/users/login HTTP/1.1" 200 260 "-" "PostmanRuntime/7.29.0"

info: ::1 - - [18/Jul/2022:16:39:25 +0000] "GET /api/v1/users/login HTTP/1.1" 200 260 "-" "PostmanRuntime/7.29.0"

info: ::1 - - [18/Jul/2022:16:39:57 +0000] "GET /api/v1/users/login HTTP/1.1" 200 60 "-" "PostmanRuntime/7.29.0"

info: ::1 - - [18/Jul/2022:16:41:10 +0000] "GET /api/v1/users/login HTTP/1.1" 200 260 "-" "PostmanRuntime/7.29.0"

info: ::1 - - [18/Jul/2022:16:54:48 +0000] "POST /api/v1/users/login HTTP/1.1" 404 47 "-" "PostmanRuntime/7.29.0"

info: ::1 - - [18/Jul/2022:16:54:58 +0000] "POST /api/v1/users/register HTTP/1.1" 201 268 "-" "PostmanRuntime/7.29.0"

info: ::1 - - [18/Jul/2022:16:55:53 +0000] "POST /api/v1/users/register HTTP/1.1" 201 273 "-" "PostmanRuntime/7.29.0"

info: ::1 - - [19/Jul/2022:03:11:20 +0000] "POST /api/v1/users HTTP/1.1" 500 92 "-" "PostmanRuntime/7.29.2"

info: ::1 - - [19/Jul/2022:03:12:42 +0000] "POST /api/v1/users HTTP/1.1" 500 89 "-" "PostmanRuntime/7.29.2"

info: ::1 - - [19/Jul/2022:03:12:56 +0000] "POST /api/v1/users HTTP/1.1" 201 266 "-" "PostmanRuntime/7.29.2"

info: ::1 - - [19/Jul/2022:03:13:30 +0000] "POST /api/v1/users/login HTTP/1.1" 200 264 "-" "PostmanRuntime/7.29.2"

info: ::1 - - [19/Jul/2022:03:13:43 +0000] "POST /api/v1/users/login HTTP/1.1" 500 53 "-" "PostmanRuntime/7.29.2"

info: ::1 - - [19/Jul/2022:03:16:05 +0000] "POST /api/v1/users/login HTTP/1.1" 400 50 "-" "PostmanRuntime/7.29.2"

info: ::1 - - [19/Jul/2022:03:17:29 +0000] "POST /api/v1/users HTTP/1.1" 500 65 "-" "PostmanRuntime/7.29.2"

info: ::1 - - [19/Jul/2022:03:19:02 +0000] "POST /api/v1/users HTTP/1.1" 500 60 "-" "PostmanRuntime/7.29.2"

info: ::1 - - [26/Jul/2022:07:09:36 +0000] "POST /api/v1/users/forgotpassword HTTP/1.1" 200 60 "-" "PostmanRuntime/7.29.2"

info: ::1 - - [26/Jul/2022:07:10:17 +0000] "GET /api/v1/eyJhbGciOiJIUzI1NiIsInR5cCI6IkpXVCJ9.eyJlbWFpbCI6ImtpcmFubWNlaHNuQGdtYWlsLmNvbSIsIl9pZCI6IjYyZGY1NGExYWIzN2EzMzcyODkyNGZjNSIsImlhdCI6MTY1ODgxOTM3MX0.uMtj3mBmDHKYjLvA0sf6svu-sbho--6EehgSHUNe6LA HTTP/1.1" 404 47 "-" "Mozilla/5.0 (Windows NT 10.0; Win64; x64) AppleWebKit/537.36 (KHTML, like Gecko) Chrome/103.0.0.0 Safari/537.36"

info: ::1 - - [26/Jul/2022:07:34:10 +0000] "POST /api/v1/users/forgotpassword HTTP/1.1" 200 58 "-" "PostmanRuntime/7.29.2"

info: ::1 - - [26/Jul/2022:07:34:29 +0000] "GET /api/v1/eyJhbGciOiJIUzI1NiIsInR5cCI6IkpXVCJ9.eyJlbWFpbCI6ImtpcmFubWNlaHNuQGdtYWlsLmNvbSIsIl9pZCI6IjYyZGY1NGExYWIzN2EzMzcyODkyNGZjNSIsImlhdCI6MTY1ODgyMDg0NX0.ldDtRxvQ-CZEqJM8ZEeLwE6DY71mujctQ9RNMQgmOWc HTTP/1.1" 404 47 "-" "Mozilla/5.0 (Windows NT 10.0; Win64; x64) AppleWebKit/537.36 (KHTML, like Gecko) Chrome/103.0.0.0 Safari/537.36"

info: ::1 - - [26/Jul/2022:07:34:57 +0000] "POST /api/v1/users/eyJhbGciOiJIUzI1NiIsInR5cCI6IkpXVCJ9.eyJlbWFpbCI6ImtpcmFubWNlaHNuQGdtYWlsLmNvbSIsIl9pZCI6IjYyZGY1NGExYWIzN2EzMzcyODkyNGZjNSIsImlhdCI6MTY1ODgyMDg0NX0.ldDtRxvQ-CZEqJM8ZEeLwE6DY71mujctQ9RNMQgmOWc HTTP/1.1" 500 52 "-" "PostmanRuntime/7.29.2"

info: ::1 - - [26/Jul/2022:07:37:10 +0000] "POST /api/v1/users/eyJhbGciOiJIUzI1NiIsInR5cCI6IkpXVCJ9.eyJlbWFpbCI6ImtpcmFubWNlaHNuQGdtYWlsLmNvbSIsIl9pZCI6IjYyZGY1NGExYWIzN2EzMzcyODkyNGZjNSIsImlhdCI6MTY1ODgyMDg0NX0.ldDtRxvQ-CZEqJM8ZEeLwE6DY71mujctQ9RNMQgmOWc HTTP/1.1" 200 58 "-" "PostmanRuntime/7.29.2"

info: ::1 - - [26/Jul/2022:07:37:17 +0000] "POST /api/v1/users/eyJhbGciOiJIUzI1NiIsInR5cCI6IkpXVCJ9.eyJlbWFpbCI6ImtpcmFubWNlaHNuQGdtYWlsLmNvbSIsIl9pZCI6IjYyZGY1NGExYWIzN2EzMzcyODkyNGZjNSIsImlhdCI6MTY1ODgyMDg0NX0.ldDtRxvQ-CZEqJM8ZEeLwE6DY71mujctQ9RNMQgmOWc HTTP/1.1" 200 58 "-" "PostmanRuntime/7.29.2"

info: ::1 - - [26/Jul/2022:07:38:14 +0000] "POST /api/v1/users/forgotpassword HTTP/1.1" 200 58 "-" "PostmanRuntime/7.29.2"

info: ::1 - - [26/Jul/2022:07:38:35 +0000] "GET /api/v1/eyJhbGciOiJIUzI1NiIsInR5cCI6IkpXVCJ9.eyJlbWFpbCI6ImtpcmFubWNlaHNuQGdtYWlsLmNvbSIsIl9pZCI6IjYyZGY1NGExYWIzN2EzMzcyODkyNGZjNSIsImlhdCI6MTY1ODgyMTA4OH0.RpG_j5LYLx6xkykpQkqnIIRT2_5QVTzX5LiJS_7zlQQ HTTP/1.1" 404 47 "-" "Mozilla/5.0 (Windows NT 10.0; Win64; x64) AppleWebKit/537.36 (KHTML, like Gecko) Chrome/103.0.0.0 Safari/537.36"

info: ::1 - - [26/Jul/2022:07:40:36 +0000] "POST /api/v1/users/eyJhbGciOiJIUzI1NiIsInR5cCI6IkpXVCJ9.eyJlbWFpbCI6ImtpcmFubWNlaHNuQGdtYWlsLmNvbSIsIl9pZCI6IjYyZGY1NGExYWIzN2EzMzcyODkyNGZjNSIsImlhdCI6MTY1ODgyMTA4OH0.RpG_j5LYLx6xkykpQkqnIIRT2_5QVTzX5LiJS_7zlQQ HTTP/1.1" 200 58 "-" "PostmanRuntime/7.29.2"

info: ::1 - - [26/Jul/2022:07:41:53 +0000] "POST /api/v1/users/eyJhbGciOiJIUzI1NiIsInR5cCI6IkpXVCJ9.eyJlbWFpbCI6ImtpcmFubWNlaHNuQGdtYWlsLmNvbSIsIl9pZCI6IjYyZGY1NGExYWIzN2EzMzcyODkyNGZjNSIsImlhdCI6MTY1ODgyMTA4OH0.RpG_j5LYLx6xkykpQkqnIIRT2_5QVTzX5LiJS_7zlQQ HTTP/1.1" 200 58 "-" "PostmanRuntime/7.29.2"

info: ::1 - - [26/Jul/2022:07:42:07 +0000] "POST /api/v1/users/eyJhbGciOiJIUzI1NiIsInR5cCI6IkpXVCJ9.eyJlbWFpbCI6ImtpcmFubWNlaHNuQGdtYWlsLmNvbSIsIl9pZCI6IjYyZGY1NGExYWIzN2EzMzcyODkyNGZjNSIsImlhdCI6MTY1ODgyMTA4OH0.RpG_j5LYLx6xkykpQkqnIIRT2_5QVTzX5LiJS_7zlQQ HTTP/1.1" 200 58 "-" "PostmanRuntime/7.29.2"

info: ::1 - - [26/Jul/2022:07:42:53 +0000] "POST /api/v1/users/eyJhbGciOiJIUzI1NiIsInR5cCI6IkpXVCJ9.eyJlbWFpbCI6ImtpcmFubWNlaHNuQGdtYWlsLmNvbSIsIl9pZCI6IjYyZGY1NGExYWIzN2EzMzcyODkyNGZjNSIsImlhdCI6MTY1ODgyMTA4OH0.RpG_j5LYLx6xkykpQkqnIIRT2_5QVTzX5LiJS_7zlQQ HTTP/1.1" 200 53 "-" "PostmanRuntime/7.29.2"

info: ::1 - - [26/Jul/2022:07:44:23 +0000] "POST /api/v1/users/eyJhbGciOiJIUzI1NiIsInR5cCI6IkpXVCJ9.eyJlbWFpbCI6ImtpcmFubWNlaHNuQGdtYWlsLmNvbSIsIl9pZCI6IjYyZGY1NGExYWIzN2EzMzcyODkyNGZjNSIsImlhdCI6MTY1ODgyMTA4OH0.RpG_j5LYLx6xkykpQkqnIIRT2_5QVTzX5LiJS_7zlQQ HTTP/1.1" 200 316 "-" "PostmanRuntime/7.29.2"

error: uncaughtException: noteRoute is not defined
ReferenceError: noteRoute is not defined
    at routes (C:\CFP_170\NodeJs\FundooNotes\src\routes\/index.js:15:24)
    at Object.<anonymous> (C:\CFP_170\NodeJs\FundooNotes\src\/index.js:32:32)
    at Module._compile (node:internal/modules/cjs/loader:1105:14)
    at Module._compile (C:\CFP_170\NodeJs\FundooNotes\node_modules\pirates\lib\index.js:136:24)
    at Module._extensions..js (node:internal/modules/cjs/loader:1159:10)
    at Object.newLoader [as .js] (C:\CFP_170\NodeJs\FundooNotes\node_modules\pirates\lib\index.js:141:7)
    at Module.load (node:internal/modules/cjs/loader:981:32)
    at Function.Module._load (node:internal/modules/cjs/loader:822:12)
    at Function.executeUserEntryPoint [as runMain] (node:internal/modules/run_main:77:12)
    at Object.<anonymous> (C:\CFP_170\NodeJs\FundooNotes\node_modules\@babel\node\lib\_babel-node.js:176:21)
    at Module._compile (node:internal/modules/cjs/loader:1105:14)
    at Object.Module._extensions..js (node:internal/modules/cjs/loader:1159:10)
    at Module.load (node:internal/modules/cjs/loader:981:32)
    at Function.Module._load (node:internal/modules/cjs/loader:822:12)
    at Function.executeUserEntryPoint [as runMain] (node:internal/modules/run_main:77:12)
    at node:internal/main/run_main_module:17:47 {"date":"Tue Jul 26 2022 13:19:04 GMT+0530 (India Standard Time)","error":{},"exception":true,"os":{"loadavg":[0,0,0],"uptime":155519},"process":{"argv":["node","C:\\CFP_170\\NodeJs\\FundooNotes\\src\\index.js"],"cwd":"C:\\CFP_170\\NodeJs\\FundooNotes","execPath":"C:\\Program Files\\nodejs\\node.exe","gid":null,"memoryUsage":{"arrayBuffers":19025300,"external":51729449,"heapTotal":116105216,"heapUsed":90012376,"rss":151449600},"pid":5296,"uid":null,"version":"v16.15.1"},"stack":"ReferenceError: noteRoute is not defined\n    at routes (C:\\CFP_170\\NodeJs\\FundooNotes\\src\\routes\\/index.js:15:24)\n    at Object.<anonymous> (C:\\CFP_170\\NodeJs\\FundooNotes\\src\\/index.js:32:32)\n    at Module._compile (node:internal/modules/cjs/loader:1105:14)\n    at Module._compile (C:\\CFP_170\\NodeJs\\FundooNotes\\node_modules\\pirates\\lib\\index.js:136:24)\n    at Module._extensions..js (node:internal/modules/cjs/loader:1159:10)\n    at Object.newLoader [as .js] (C:\\CFP_170\\NodeJs\\FundooNotes\\node_modules\\pirates\\lib\\index.js:141:7)\n    at Module.load (node:internal/modules/cjs/loader:981:32)\n    at Function.Module._load (node:internal/modules/cjs/loader:822:12)\n    at Function.executeUserEntryPoint [as runMain] (node:internal/modules/run_main:77:12)\n    at Object.<anonymous> (C:\\CFP_170\\NodeJs\\FundooNotes\\node_modules\\@babel\\node\\lib\\_babel-node.js:176:21)\n    at Module._compile (node:internal/modules/cjs/loader:1105:14)\n    at Object.Module._extensions..js (node:internal/modules/cjs/loader:1159:10)\n    at Module.load (node:internal/modules/cjs/loader:981:32)\n    at Function.Module._load (node:internal/modules/cjs/loader:822:12)\n    at Function.executeUserEntryPoint [as runMain] (node:internal/modules/run_main:77:12)\n    at node:internal/main/run_main_module:17:47","trace":[{"column":24,"file":"C:\\CFP_170\\NodeJs\\FundooNotes\\src\\routes\\/index.js","function":"routes","line":15,"method":null,"native":false},{"column":32,"file":"C:\\CFP_170\\NodeJs\\FundooNotes\\src\\/index.js","function":null,"line":32,"method":null,"native":false},{"column":14,"file":"node:internal/modules/cjs/loader","function":"Module._compile","line":1105,"method":"_compile","native":false},{"column":24,"file":"C:\\CFP_170\\NodeJs\\FundooNotes\\node_modules\\pirates\\lib\\index.js","function":"Module._compile","line":136,"method":"_compile","native":false},{"column":10,"file":"node:internal/modules/cjs/loader","function":"Module._extensions..js","line":1159,"method":".js","native":false},{"column":7,"file":"C:\\CFP_170\\NodeJs\\FundooNotes\\node_modules\\pirates\\lib\\index.js","function":"Object.newLoader [as .js]","line":141,"method":"js]","native":false},{"column":32,"file":"node:internal/modules/cjs/loader","function":"Module.load","line":981,"method":"load","native":false},{"column":12,"file":"node:internal/modules/cjs/loader","function":"Module._load","line":822,"method":"_load","native":false},{"column":12,"file":"node:internal/modules/run_main","function":"Function.executeUserEntryPoint [as runMain]","line":77,"method":"executeUserEntryPoint [as runMain]","native":false},{"column":21,"file":"C:\\CFP_170\\NodeJs\\FundooNotes\\node_modules\\@babel\\node\\lib\\_babel-node.js","function":null,"line":176,"method":null,"native":false},{"column":14,"file":"node:internal/modules/cjs/loader","function":"Module._compile","line":1105,"method":"_compile","native":false},{"column":10,"file":"node:internal/modules/cjs/loader","function":"Module._extensions..js","line":1159,"method":".js","native":false},{"column":32,"file":"node:internal/modules/cjs/loader","function":"Module.load","line":981,"method":"load","native":false},{"column":12,"file":"node:internal/modules/cjs/loader","function":"Module._load","line":822,"method":"_load","native":false},{"column":12,"file":"node:internal/modules/run_main","function":"Function.executeUserEntryPoint [as runMain]","line":77,"method":"executeUserEntryPoint [as runMain]","native":false},{"column":47,"file":"node:internal/main/run_main_module","function":null,"line":17,"method":null,"native":false}]}
